"File: comm.c        Assembler  Version HGASM0202      Page 1


   1  0000              ; Generated by holtek-gcc v3.19, Mon Oct 10 15:45:30 2022
   2  0000              ; 
   3  0000              ; Configuration:
   4  0000              ;       with long instruction
   5  0000              ;       Single ROM, Multi-RAM
   6  0000              ;       bits_per_rom_unit:16
   7  0000              ;       with mp1
   8  0000              ;       with tbhp, address(0x9)
   9  0000              ;          Use tabrd-const
  10  0000              ;       
  11  0000              ; SFR address of long-instruction arch:
  12  0000              ;    mp0 = -1,1,0
  13  0000              ;    mp1 = 4,3,2
  14  0000              ;    mp2 = 14,13,12
  15  0000              ;    tbp = 9,7,8
  16  0000              ;    acc = 5
  17  0000              ;    pcl = 6
  18  0000              ;    status = 10
  19  0000              ;    bp = 11
  20  0000              ;    intc = 72
  21  0000              ;       
  22  0000              ;       
  23  0000              ; use 'tabrdc' instead of 'tabrd'
  24  0000              ;       
  25  0000              
  26  0000              #pragma translator "holtek-gcc 4.6.4" "3.19" "build 20130711"
  27  0000              ; Rebuild 718
  28  0000              
  29  0000              ir equ [2]
  30  0000              mp equ [3]
  31  0000              sbp equ [4]
  32  0000              acc equ [5]
  33  0000              bp equ [11]
  34  0000              tblp equ [7]
  35  0000              tbhp equ [9]
  36  0000              status equ [10]
  37  0000              c equ [10].0
  38  0000              ac equ [10].1
  39  0000              z equ [10].2
  40  0000              ov equ [10].3
  41  0000              cz equ [10].6
  42  0000              sc equ [10].7
  43  0000              intc equ [72]
  44  0000              
  45  0000              extern ra:byte
  46  0000              extern rb:byte
  47  0000              extern rc:byte
  48  0000              extern rd:byte
  49  0000              extern re:byte
  50  0000              extern rf:byte
  51  0000              extern rg:byte
  52  0000              extern rh:byte
  53  0000              extern _Crom2Prom:near
  54  0000              extern _Crom2PromNext:near
  55  0000              
  56  0000              RAMBANK 0 @BITDATASEC, @BITDATASEC1
  57  0000              @HCCINIT	.section 'data'
  58  0000              @HCCINIT0	.section 'data'
  59  0000              @BITDATASEC	 .section 'data'
"File: comm.ASM      Assembler  Version HGASM0202      Page 2

  60  0000              @BITDATASEC1	 .section 'data'
  61  0000              
  62  0000              #pragma debug scope 1 1
  63  0000              	extern __DELAY3:near
  64  0000              	extern __DELAYX3:near
  65  0000              	extern __DELAYX6:near
  66  0000              	extern __DELAYY5:near
  67  0000              	extern __DELAYY3:near
  68  0000              	extern _builtin_holtek_delay_2:byte
  69  0000              public _GetReg
  70  0000              #pragma debug scope 2 1

 584  0000              #line 584 "c:\users\h469388\desktop\todo\projects\1_ngb\1_firmware\ngb_low_power_consumption_v3\source\comm.c"
 584  0000              _GetReg .section 'code'
 584  0000              _GetReg proc
 584  0000  00              local _GetReg_2 db 1 dup(?)	; 0,1
 584  0000  0080     E  	mov ra,a
 584  0001              #pragma debug variable 8 2 _GetReg_2+0 "Index"
 588  0001              #line 588 "c:\users\h469388\desktop\todo\projects\1_ngb\1_firmware\ngb_low_power_consumption_v3\source\comm.c"
 588  0001  0700     E  	mov a,ra
 588  0002  0A10        	sub a,16
 588  0003  3D0A        	sz z
 588  0004  2800     R  	jmp _L3
 588  0005  0A01        	sub a,(17)-(16)
 588  0006  3D0A        	sz z
 588  0007  2800     R  	jmp _L4
 588  0008              #line 588 "c:\users\h469388\desktop\todo\projects\1_ngb\1_firmware\ngb_low_power_consumption_v3\source\comm.c"
 588  0008  0700     E  	mov a,ra
 588  0009  0A12        	sub a,18
 588  000A  3D0A        	sz z
 588  000B  2800     R  	jmp _L5
 588  000C  0A01        	sub a,(19)-(18)
 588  000D  3D0A        	sz z
 588  000E  2800     R  	jmp _L6
 588  000F  0700     E  	mov a,ra
 588  0010  0A14        	sub a,20
 588  0011  3D0A        	sz z
 588  0012  2800     R  	jmp _L7
 588  0013  0A01        	sub a,(21)-(20)
 588  0014  3D0A        	sz z
 588  0015  2800     R  	jmp _L8
 588  0016  0700     E  	mov a,ra
 588  0017  0A16        	sub a,22
 588  0018  3D0A        	sz z
 588  0019  2800     R  	jmp _L9
 588  001A  0A01        	sub a,(23)-(22)
 588  001B  3D0A        	sz z
 588  001C  2800     R  	jmp _L10
 588  001D  0700     E  	mov a,ra
 588  001E  0A18        	sub a,24
 588  001F  3D0A        	sz z
 588  0020  2800     R  	jmp _L11
 588  0021  0700     E  	mov a,ra
 588  0022  0A19        	sub a,25
 588  0023  390A        	snz z
 588  0024  2800     R  	jmp _L14
 615  0025              #line 615 "c:\users\h469388\desktop\todo\projects\1_ngb\1_firmware\ngb_low_power_consumption_v3\source\comm.c"
 615  0025  0700     E  	mov a,_FuncData[32]
 615  0026  0080     E  	mov rb,a
 615  0027  2800     R  	jmp _L2
"File: comm.c        Assembler  Version HGASM0202      Page 3

 615  0028              _L3:
 594  0028              #line 594 "c:\users\h469388\desktop\todo\projects\1_ngb\1_firmware\ngb_low_power_consumption_v3\source\comm.c"
 594  0028  0700     E  	mov a,_FuncData[9]
 594  0029  0080     E  	mov rb,a
 594  002A  2800     R  	jmp _L2
 594  002B              _L4:
 595  002B              #line 595 "c:\users\h469388\desktop\todo\projects\1_ngb\1_firmware\ngb_low_power_consumption_v3\source\comm.c"
 595  002B  0700     E  	mov a,_FuncData[10]
 595  002C  0080     E  	mov rb,a
 595  002D  2800     R  	jmp _L2
 595  002E              _L5:
 599  002E              #line 599 "c:\users\h469388\desktop\todo\projects\1_ngb\1_firmware\ngb_low_power_consumption_v3\source\comm.c"
 599  002E  0700     E  	mov a,_FuncData[11]
 599  002F  0080     E  	mov rb,a
 600  0030              #line 600 "c:\users\h469388\desktop\todo\projects\1_ngb\1_firmware\ngb_low_power_consumption_v3\source\comm.c"
 600  0030  2800     R  	jmp _L2
 600  0031              _L6:
 604  0031              #line 604 "c:\users\h469388\desktop\todo\projects\1_ngb\1_firmware\ngb_low_power_consumption_v3\source\comm.c"
 604  0031  0700     E  	mov a,_FuncData[12]
 604  0032  0080     E  	mov rb,a
 605  0033              #line 605 "c:\users\h469388\desktop\todo\projects\1_ngb\1_firmware\ngb_low_power_consumption_v3\source\comm.c"
 605  0033  2800     R  	jmp _L2
 605  0034              _L7:
 609  0034              #line 609 "c:\users\h469388\desktop\todo\projects\1_ngb\1_firmware\ngb_low_power_consumption_v3\source\comm.c"
 609  0034  0700     E  	mov a,_FuncData[13]
 609  0035  0080     E  	mov rb,a
 609  0036  2800     R  	jmp _L2
 609  0037              _L8:
 610  0037              #line 610 "c:\users\h469388\desktop\todo\projects\1_ngb\1_firmware\ngb_low_power_consumption_v3\source\comm.c"
 610  0037  0700     E  	mov a,_FuncData[14]
 610  0038  0080     E  	mov rb,a
 610  0039  2800     R  	jmp _L2
 610  003A              _L9:
 612  003A              #line 612 "c:\users\h469388\desktop\todo\projects\1_ngb\1_firmware\ngb_low_power_consumption_v3\source\comm.c"
 612  003A  0700     E  	mov a,_FuncData[25]
 612  003B  0080     E  	mov rb,a
 612  003C  0700     E  	mov a,_FuncData[26]
 612  003D  0080     E  	mov rc,a
 612  003E  0F04        	mov a,4
 612  003F              _LI1:
 612  003F  340A        	clr c
 612  0040  1B80     E  	rrc rc
 612  0041  1B80     E  	rrc rb
 612  0042  1785        	sdz acc
 612  0043  2800     R  	jmp _LI1
 612  0044  2800     R  	jmp _L2
 612  0045              _L10:
 613  0045              #line 613 "c:\users\h469388\desktop\todo\projects\1_ngb\1_firmware\ngb_low_power_consumption_v3\source\comm.c"
 613  0045  0700     E  	mov a,_FuncData[19]
 613  0046  0080     E  	mov rb,a
 613  0047  2800     R  	jmp _L2
 613  0048              _L11:
 614  0048              #line 614 "c:\users\h469388\desktop\todo\projects\1_ngb\1_firmware\ngb_low_power_consumption_v3\source\comm.c"
 614  0048  0700     E  	mov a,_FuncData[31]
 614  0049  0080     E  	mov rb,a
 614  004A  2800     R  	jmp _L2
 614  004B              _L14:
 585  004B              #line 585 "c:\users\h469388\desktop\todo\projects\1_ngb\1_firmware\ngb_low_power_consumption_v3\source\comm.c"
 585  004B  1F00     E  	clr rb
 585  004C              _L2:
"File: comm.c        Assembler  Version HGASM0202      Page 4

 635  004C              #line 635 "c:\users\h469388\desktop\todo\projects\1_ngb\1_firmware\ngb_low_power_consumption_v3\source\comm.c"
 635  004C  0700     E  	mov a,rb
 635  004D  0003        	ret
 635  004E              _GetReg endp
 635  004E              #line 635 "c:\users\h469388\desktop\todo\projects\1_ngb\1_firmware\ngb_low_power_consumption_v3\source\comm.c"
 635  004E              #pragma debug scope 1 1
 635  004E              ___pa equ [20]
 635  004E              public _SetReg
 635  004E              #pragma debug scope 3 1
 641  004E              #line 641 "c:\users\h469388\desktop\todo\projects\1_ngb\1_firmware\ngb_low_power_consumption_v3\source\comm.c"
 641  0000              _SetReg .section 'code'
 641  0000              _SetReg proc
 641  0000              public _SetReg_2
 641  0000  0002[           local _SetReg_2 db 2 dup(?)	; 1,1
            00
            ]
 641  0000  0080     E  	mov ra,a
 641  0001  0080     R  	mov _SetReg_2[1],a
 641  0002              #pragma debug variable 8 3 _SetReg_2+1 "Index"
 641  0002              #pragma debug variable 8 3 _SetReg_2+0 "Data"
 644  0002              #line 644 "c:\users\h469388\desktop\todo\projects\1_ngb\1_firmware\ngb_low_power_consumption_v3\source\comm.c"
 644  0002  0700     E  	mov a,ra
 644  0003  0A17        	sub a,23
 644  0004  390A        	snz z
 644  0005  2800     R  	jmp _L22
 647  0006              #line 647 "c:\users\h469388\desktop\todo\projects\1_ngb\1_firmware\ngb_low_power_consumption_v3\source\comm.c"
 647  0006  0700     R  	mov a,_SetReg_2[0]
 647  0007  0080     E  	mov _FuncData[19],a
 642  0008              #line 642 "c:\users\h469388\desktop\todo\projects\1_ngb\1_firmware\ngb_low_power_consumption_v3\source\comm.c"
 642  0008  0F01        	mov a,1
 642  0009  0080     E  	mov ra,a
 647  000A              #line 647 "c:\users\h469388\desktop\todo\projects\1_ngb\1_firmware\ngb_low_power_consumption_v3\source\comm.c"
 647  000A  2800     R  	jmp _L17
 647  000B              _L22:
 649  000B              #line 649 "c:\users\h469388\desktop\todo\projects\1_ngb\1_firmware\ngb_low_power_consumption_v3\source\comm.c"
 649  000B  1F00     E  	clr ra
 649  000C              _L17:
 652  000C              #line 652 "c:\users\h469388\desktop\todo\projects\1_ngb\1_firmware\ngb_low_power_consumption_v3\source\comm.c"
 652  000C  0700     E  	mov a,_FuncData[19]
 652  000D  0AD1        	sub a,209
 652  000E  390A        	snz z
 652  000F  2800     R  	jmp _L19
 654  0010              #line 654 "c:\users\h469388\desktop\todo\projects\1_ngb\1_firmware\ngb_low_power_consumption_v3\source\comm.c"
 654  0010  3114        	set [20].2
 654  0011  2800     R  	jmp _L20
 654  0012              _L19:
 658  0012              #line 658 "c:\users\h469388\desktop\todo\projects\1_ngb\1_firmware\ngb_low_power_consumption_v3\source\comm.c"
 658  0012  3514        	clr [20].2
 658  0013              _L20:
 662  0013              #line 662 "c:\users\h469388\desktop\todo\projects\1_ngb\1_firmware\ngb_low_power_consumption_v3\source\comm.c"
 662  0013  0700     E  	mov a,ra
 662  0014  0003        	ret
 662  0015              _SetReg endp
 662  0015              #line 662 "c:\users\h469388\desktop\todo\projects\1_ngb\1_firmware\ngb_low_power_consumption_v3\source\comm.c"
 662  0015              #pragma debug scope 1 1
 662  0015              public _CommProtocol
 662  0015              #pragma debug scope 4 1
  29  0015              #line 29 "c:\users\h469388\desktop\todo\projects\1_ngb\1_firmware\ngb_low_power_consumption_v3\source\comm.c"
  29  0000              _CommProtocol .section 'code'
  29  0000              _CommProtocol proc
"File: comm.c        Assembler  Version HGASM0202      Page 5

  29  0000  00              local _CommProtocol_2 db 1 dup(?)	; 0,1
  32  0001              #line 32 "c:\users\h469388\desktop\todo\projects\1_ngb\1_firmware\ngb_low_power_consumption_v3\source\comm.c"
  32  0000  0700     E  	mov a,_CommData[0]
  32  0001  0A01        	sub a,1
  32  0002  3D0A        	sz z
  32  0003  2800     R  	jmp _L25
  32  0004  0A01        	sub a,(2)-(1)
  32  0005  3D0A        	sz z
  32  0006  2800     R  	jmp _L26
  32  0007              #line 32 "c:\users\h469388\desktop\todo\projects\1_ngb\1_firmware\ngb_low_power_consumption_v3\source\comm.c"
  32  0007  0700     E  	mov a,_CommData[0]
  32  0008  0A06        	sub a,6
  32  0009  390A        	snz z
  32  000A  2800     R  	jmp _L23
  32  000B  2800     R  	jmp _L101
  32  000C              _L25:
  36  000C              #line 36 "c:\users\h469388\desktop\todo\projects\1_ngb\1_firmware\ngb_low_power_consumption_v3\source\comm.c"
  36  000C  0700     E  	mov a,_CommData[5]
  36  000D  0A05        	sub a,5
  36  000E  3D0A        	sz z
  36  000F  2800     R  	jmp _L28
  36  0010  0A04        	sub a,(9)-(5)
  36  0011  3D0A        	sz z
  36  0012  2800     R  	jmp _L29
  36  0013  0700     E  	mov a,_CommData[5]
  36  0014  0A0C        	sub a,12
  36  0015  3D0A        	sz z
  36  0016  2800     R  	jmp _L30
  36  0017  0700     E  	mov a,_CommData[5]
  36  0018  0A0D        	sub a,13
  36  0019  390A        	snz z
  36  001A  2800     R  	jmp _L23
  36  001B  2800     R  	jmp _L102
  36  001C              _L28:
  78  001C              #line 78 "c:\users\h469388\desktop\todo\projects\1_ngb\1_firmware\ngb_low_power_consumption_v3\source\comm.c"
  78  001C  0700     E  	mov a,_CommData[2]
  78  001D  0080     E  	mov rd,a
  78  001E  0700     E  	mov a,_CommData[3]
  78  001F  0080     E  	mov re,a
  78  0020  0FFF        	mov a,255  
  78  0021  0680     E  	andm a,rd  
  78  0022  0F01        	mov a,1  
  78  0023  0680     E  	andm a,re
  78  0024  0F04        	mov a,4
  78  0025              _LI2:
  78  0025  340A        	clr c
  78  0026  1B80     E  	rrc re
  78  0027  1B80     E  	rrc rd
  78  0028  1785        	sdz acc
  78  0029  2800     R  	jmp _LI2
  79  002A              #line 79 "c:\users\h469388\desktop\todo\projects\1_ngb\1_firmware\ngb_low_power_consumption_v3\source\comm.c"
  79  002A  0700     E  	mov a,_CommData[8]
  79  002B  0080     E  	mov rf,a
  79  002C  0700     E  	mov a,_CommData[9]
  79  002D  0080     E  	mov rg,a
  79  002E  0700     E  	mov a,rf
  79  002F  0080     E  	mov rb,a
  79  0030  0700     E  	mov a,rg
  79  0031  0080     E  	mov rc,a
  79  0032  0F1F        	mov a,31  
"File: comm.c        Assembler  Version HGASM0202      Page 6

  79  0033  0680     E  	andm a,rb  
  79  0034  0F00        	mov a,0  
  79  0035  0680     E  	andm a,rc
  79  0036  0700     E  	mov a,rb
  79  0037  0080     E  	mov _CommData[10],a
  79  0038  0700     E  	mov a,rc
  79  0039  0080     E  	mov _CommData[11],a
  80  003A              #line 80 "c:\users\h469388\desktop\todo\projects\1_ngb\1_firmware\ngb_low_power_consumption_v3\source\comm.c"
  80  003A  0700     E  	mov a,rb
  80  003B  0200     E  	sub a,rd
  80  003C  0700     E  	mov a,rc
  80  003D  1200     E  	sbc a,re
  80  003E  3F0A        	sz cz
  80  003F  2800     R  	jmp _L23
  87  0040              #line 87 "c:\users\h469388\desktop\todo\projects\1_ngb\1_firmware\ngb_low_power_consumption_v3\source\comm.c"
  87  0040  0700     E  	mov a,rb
  87  0041  0E0F        	and a,15
  87  0042  0080     E  	mov ra,a
  89  0043              #line 89 "c:\users\h469388\desktop\todo\projects\1_ngb\1_firmware\ngb_low_power_consumption_v3\source\comm.c"
  89  0043  0700     E  	mov a,ra
  89  0044  0080     E  	mov rb,a
  89  0045  1F00     E  	clr rc
  86  0046              #line 86 "c:\users\h469388\desktop\todo\projects\1_ngb\1_firmware\ngb_low_power_consumption_v3\source\comm.c"
  86  0046  1100     E  	swapa _CommData[4]
  86  0047  0E0F        	and a,0fh
  86  0048  0080     E  	mov rd,a
  86  0049  1F00     E  	clr re
  89  004A              #line 89 "c:\users\h469388\desktop\todo\projects\1_ngb\1_firmware\ngb_low_power_consumption_v3\source\comm.c"
  89  004A  0700     E  	mov a,rb
  89  004B  0200     E  	sub a,rd
  89  004C  0700     E  	mov a,rc
  89  004D  1200     E  	sbc a,re
  89  004E  3F0A        	sz cz
  89  004F  2800     R  	jmp _L23
  89  0050  1E00     E  	snz ra
  89  0051  2800     R  	jmp _L23
  96  0052              #line 96 "c:\users\h469388\desktop\todo\projects\1_ngb\1_firmware\ngb_low_power_consumption_v3\source\comm.c"
  96  0052  0F0F        	mov a,15  
  96  0053  0680     E  	andm a,rf  
  96  0054  0F00        	mov a,0  
  96  0055  0680     E  	andm a,rg
  97  0056              #line 97 "c:\users\h469388\desktop\todo\projects\1_ngb\1_firmware\ngb_low_power_consumption_v3\source\comm.c"
  97  0056  0700     E  	mov a,rf
  97  0057  0C0A        	xor a,10
  97  0058  0500     E  	or a,rg
  97  0059  3D0A        	sz z
  97  005A  2800     R  	jmp _L23
  97  005B  1700     R  	sdza _CLIPWriteFlag[0]
  97  005C  2800     R  	jmp _L37
  97  005D  2800     R  	jmp _L23
  97  005E              _L29:
 113  005E              #line 113 "c:\users\h469388\desktop\todo\projects\1_ngb\1_firmware\ngb_low_power_consumption_v3\source\comm.c"
 113  005E  0700     E  	mov a,_CommData[8]
 113  005F  0080     E  	mov rb,a
 113  0060  0700     E  	mov a,_CommData[9]
 113  0061  0080     E  	mov rc,a
 113  0062  0700     E  	mov a,rb
 113  0063  0080     E  	mov rd,a
 113  0064  0700     E  	mov a,rc
 113  0065  0080     E  	mov re,a
"File: comm.c        Assembler  Version HGASM0202      Page 7

 113  0066  0FFF        	mov a,255  
 113  0067  0680     E  	andm a,rd  
 113  0068  0F01        	mov a,1  
 113  0069  0680     E  	andm a,re
 113  006A  0700     E  	mov a,rd
 113  006B  0080     E  	mov _CommData[10],a
 113  006C  0700     E  	mov a,re
 113  006D  0080     E  	mov _CommData[11],a
 114  006E              #line 114 "c:\users\h469388\desktop\todo\projects\1_ngb\1_firmware\ngb_low_power_consumption_v3\source\comm.c"
 114  006E  0700     E  	mov a,rd
 114  006F  0200     E  	sub a,_CommData[2]
 114  0070  0700     E  	mov a,re
 114  0071  1200     E  	sbc a,_CommData[3]
 114  0072  3B0A        	snz cz
 114  0073  2800     R  	jmp _L34
 116  0074              #line 116 "c:\users\h469388\desktop\todo\projects\1_ngb\1_firmware\ngb_low_power_consumption_v3\source\comm.c"
 116  0074  0F01        	mov a,1
 116  0075  0080     E  	mov _CLIPDLIPFlag[0],a
 117  0076              #line 117 "c:\users\h469388\desktop\todo\projects\1_ngb\1_firmware\ngb_low_power_consumption_v3\source\comm.c"
 117  0076  2800     R  	jmp _L23
 117  0077              _L34:
 121  0077              #line 121 "c:\users\h469388\desktop\todo\projects\1_ngb\1_firmware\ngb_low_power_consumption_v3\source\comm.c"
 121  0077  0700     E  	mov a,rb
 121  0078  0080     E  	mov rd,a
 121  0079  0700     E  	mov a,rc
 121  007A  0080     E  	mov re,a
 121  007B  0F0F        	mov a,15  
 121  007C  0680     E  	andm a,rd  
 121  007D  0F00        	mov a,0  
 121  007E  0680     E  	andm a,re
 121  007F  0700     E  	mov a,rd
 121  0080  0C0D        	xor a,13
 121  0081  0500     E  	or a,re
 121  0082  390A        	snz z
 121  0083  2800     R  	jmp _L35
 123  0084              #line 123 "c:\users\h469388\desktop\todo\projects\1_ngb\1_firmware\ngb_low_power_consumption_v3\source\comm.c"
 123  0084  0F02        	mov a,2
 123  0085  0080     E  	mov _CLIPDLIPFlag[0],a
 124  0086              #line 124 "c:\users\h469388\desktop\todo\projects\1_ngb\1_firmware\ngb_low_power_consumption_v3\source\comm.c"
 124  0086  2800     R  	jmp _L23
 124  0087              _L35:
 126  0087              #line 126 "c:\users\h469388\desktop\todo\projects\1_ngb\1_firmware\ngb_low_power_consumption_v3\source\comm.c"
 126  0087  0FF0        	mov a,240  
 126  0088  0680     E  	andm a,rb  
 126  0089  0F00        	mov a,0  
 126  008A  0680     E  	andm a,rc
 127  008B              #line 127 "c:\users\h469388\desktop\todo\projects\1_ngb\1_firmware\ngb_low_power_consumption_v3\source\comm.c"
 127  008B  0700     E  	mov a,rb
 127  008C  0CA0        	xor a,160
 127  008D  0500     E  	or a,rc
 127  008E  3D0A        	sz z
 127  008F  2800     R  	jmp _L36
 127  0090  1700     R  	sdza _CLIPWriteFlag[0]
 127  0091  2800     R  	jmp _L37
 127  0092              _L36:
 129  0092              #line 129 "c:\users\h469388\desktop\todo\projects\1_ngb\1_firmware\ngb_low_power_consumption_v3\source\comm.c"
 129  0092  0F05        	mov a,5
 129  0093  0080     E  	mov _CLIPDLIPFlag[0],a
 131  0094              #line 131 "c:\users\h469388\desktop\todo\projects\1_ngb\1_firmware\ngb_low_power_consumption_v3\source\comm.c"
 131  0094  2800     R  	jmp _L23
"File: comm.c        Assembler  Version HGASM0202      Page 8

 131  0095              _L37:
 135  0095              #line 135 "c:\users\h469388\desktop\todo\projects\1_ngb\1_firmware\ngb_low_power_consumption_v3\source\comm.c"
 135  0095  0F04        	mov a,4
 135  0096  0080     E  	mov _CLIPDLIPFlag[0],a
 135  0097  2800     R  	jmp _L98
 135  0098              _L30:
 143  0098              #line 143 "c:\users\h469388\desktop\todo\projects\1_ngb\1_firmware\ngb_low_power_consumption_v3\source\comm.c"
 143  0098  0700     E  	mov a,_CLIPDLIPFlag[0]
 143  0099  0A05        	sub a,5
 143  009A  390A        	snz z
 143  009B  2800     R  	jmp _L23
 145  009C              #line 145 "c:\users\h469388\desktop\todo\projects\1_ngb\1_firmware\ngb_low_power_consumption_v3\source\comm.c"
 145  009C  0700     E  	mov a,_CommData[8]
 145  009D  0E07        	and a,7
 145  009E  0080     E  	mov _CommData[12],a
 145  009F  2800     R  	jmp _L23
 145  00A0              _L102:
 151  00A0              #line 151 "c:\users\h469388\desktop\todo\projects\1_ngb\1_firmware\ngb_low_power_consumption_v3\source\comm.c"
 151  00A0  0700     E  	mov a,_CLIPDLIPFlag[0]
 151  00A1  0080     R  	mov _CommProtocol_2[0],a
 151  00A2  0700     R  	mov a,_CommProtocol_2[0]
 151  00A3  0A05        	sub a,5
 151  00A4  390A        	snz z
 151  00A5  2800     R  	jmp _L38
 153  00A6              #line 153 "c:\users\h469388\desktop\todo\projects\1_ngb\1_firmware\ngb_low_power_consumption_v3\source\comm.c"
 153  00A6  3C00     E  	sz _CommData[15].0
 153  00A7  2800     R  	jmp _L23
 157  00A8              #line 157 "c:\users\h469388\desktop\todo\projects\1_ngb\1_firmware\ngb_low_power_consumption_v3\source\comm.c"
 157  00A8  1F00     E  	clr _CLIPDLIPFlag[0]
 157  00A9              _L98:
 158  00A9              #line 158 "c:\users\h469388\desktop\todo\projects\1_ngb\1_firmware\ngb_low_power_consumption_v3\source\comm.c"
 158  00A9  0F09        	mov a,9
 158  00AA  0080     E  	mov _CommData[0],a
 159  00AB              #line 159 "c:\users\h469388\desktop\todo\projects\1_ngb\1_firmware\ngb_low_power_consumption_v3\source\comm.c"
 159  00AB  2800     R  	jmp _L23
 159  00AC              _L38:
 163  00AC              #line 163 "c:\users\h469388\desktop\todo\projects\1_ngb\1_firmware\ngb_low_power_consumption_v3\source\comm.c"
 163  00AC  0700     R  	mov a,_CommProtocol_2[0]
 163  00AD  0A02        	sub a,2
 163  00AE  390A        	snz z
 163  00AF  2800     R  	jmp _L39
 165  00B0              #line 165 "c:\users\h469388\desktop\todo\projects\1_ngb\1_firmware\ngb_low_power_consumption_v3\source\comm.c"
 165  00B0  0F09        	mov a,9
 165  00B1  0080     E  	mov _CommData[0],a
 168  00B2              #line 168 "c:\users\h469388\desktop\todo\projects\1_ngb\1_firmware\ngb_low_power_consumption_v3\source\comm.c"
 168  00B2  0700     E  	mov a,_CommData[8]
 168  00B3  0080     E  	mov rb,a
 168  00B4  0700     E  	mov a,_CommData[9]
 168  00B5  0080     E  	mov rc,a
 168  00B6  0700     E  	mov a,rb
 168  00B7  0080     E  	mov rd,a
 168  00B8  0700     E  	mov a,rc
 168  00B9  0080     E  	mov re,a
 168  00BA  0F04        	mov a,4
 168  00BB              _LI3:
 168  00BB  340A        	clr c
 168  00BC  1B80     E  	rrc re
 168  00BD  1B80     E  	rrc rd
 168  00BE  1785        	sdz acc
 168  00BF  2800     R  	jmp _LI3
"File: comm.c        Assembler  Version HGASM0202      Page 9

 168  00C0  0FF0        	mov a,240  
 168  00C1  0680     E  	andm a,rd  
 168  00C2  0F00        	mov a,0  
 168  00C3  0680     E  	andm a,re
 169  00C4              #line 169 "c:\users\h469388\desktop\todo\projects\1_ngb\1_firmware\ngb_low_power_consumption_v3\source\comm.c"
 169  00C4  0F0F        	mov a,15  
 169  00C5  0680     E  	andm a,rb  
 169  00C6  0F00        	mov a,0  
 169  00C7  0680     E  	andm a,rc
 168  00C8              #line 168 "c:\users\h469388\desktop\todo\projects\1_ngb\1_firmware\ngb_low_power_consumption_v3\source\comm.c"
 168  00C8  0700     E  	mov a,rd
 168  00C9  0380     E  	addm a,rb
 168  00CA  0700     E  	mov a,re
 168  00CB  1380     E  	adcm a,rc
 168  00CC  0700     E  	mov a,rb
 168  00CD  0080     E  	mov _CommData[10],a
 168  00CE  0700     E  	mov a,rc
 168  00CF  0080     E  	mov _CommData[11],a
 172  00D0              #line 172 "c:\users\h469388\desktop\todo\projects\1_ngb\1_firmware\ngb_low_power_consumption_v3\source\comm.c"
 172  00D0  0700     E  	mov a,rb
 172  00D1  0500     E  	or a,rc
 172  00D2  3D0A        	sz z
 172  00D3  2800     R  	jmp _L40
 173  00D4              #line 173 "c:\users\h469388\desktop\todo\projects\1_ngb\1_firmware\ngb_low_power_consumption_v3\source\comm.c"
 173  00D4  0700     E  	mov a,_CommData[4]
 173  00D5  0080     E  	mov rd,a
 173  00D6  1F00     E  	clr re
 172  00D7              #line 172 "c:\users\h469388\desktop\todo\projects\1_ngb\1_firmware\ngb_low_power_consumption_v3\source\comm.c"
 172  00D7  0700     E  	mov a,rb
 172  00D8  0200     E  	sub a,rd
 172  00D9  0700     E  	mov a,rc
 172  00DA  1200     E  	sbc a,re
 172  00DB  3B0A        	snz cz
 172  00DC  2800     R  	jmp _L99
 172  00DD              _L40:
 175  00DD              #line 175 "c:\users\h469388\desktop\todo\projects\1_ngb\1_firmware\ngb_low_power_consumption_v3\source\comm.c"
 175  00DD  0F06        	mov a,6
 175  00DE  0080     E  	mov _CommData[0],a
 175  00DF  2800     R  	jmp _L99
 175  00E0              _L39:
 182  00E0              #line 182 "c:\users\h469388\desktop\todo\projects\1_ngb\1_firmware\ngb_low_power_consumption_v3\source\comm.c"
 182  00E0  0700     E  	mov a,_CommData[8]
 182  00E1  0080     E  	mov rb,a
 182  00E2  0700     E  	mov a,_CommData[9]
 182  00E3  0080     E  	mov rc,a
 182  00E4  340A        	clr c
 182  00E5  1B80     E  	rrc rc
 182  00E6  1B80     E  	rrc rb
 182  00E7  0700     E  	mov a,rb
 182  00E8  0E07        	and a,7
 182  00E9  0080     E  	mov _CommData[12],a
 183  00EA              #line 183 "c:\users\h469388\desktop\todo\projects\1_ngb\1_firmware\ngb_low_power_consumption_v3\source\comm.c"
 183  00EA  0F09        	mov a,9
 183  00EB  0080     E  	mov _CommData[0],a
 184  00EC              #line 184 "c:\users\h469388\desktop\todo\projects\1_ngb\1_firmware\ngb_low_power_consumption_v3\source\comm.c"
 184  00EC  3C00     E  	sz _CommData[15].0
 184  00ED  2800     R  	jmp _L23
 190  00EE              #line 190 "c:\users\h469388\desktop\todo\projects\1_ngb\1_firmware\ngb_low_power_consumption_v3\source\comm.c"
 190  00EE  1700     R  	sdza _CommProtocol_2[0]
 190  00EF  2800     R  	jmp _L23
"File: comm.c        Assembler  Version HGASM0202      Page 10

 192  00F0              #line 192 "c:\users\h469388\desktop\todo\projects\1_ngb\1_firmware\ngb_low_power_consumption_v3\source\comm.c"
 192  00F0  0F02        	mov a,2
 192  00F1  0080     E  	mov _CommData[0],a
 193  00F2              #line 193 "c:\users\h469388\desktop\todo\projects\1_ngb\1_firmware\ngb_low_power_consumption_v3\source\comm.c"
 193  00F2  1F00     E  	clr _CommData[6]
 193  00F3  0FF8        	mov a,-8
 193  00F4  0080     E  	mov _CommData[7],a
 196  00F5              #line 196 "c:\users\h469388\desktop\todo\projects\1_ngb\1_firmware\ngb_low_power_consumption_v3\source\comm.c"
 196  00F5  0F4B        	mov a,75
 196  00F6  0080     E  	mov _CommData[18],a
 196  00F7  1F00     E  	clr _CommData[19]
 199  00F8              #line 199 "c:\users\h469388\desktop\todo\projects\1_ngb\1_firmware\ngb_low_power_consumption_v3\source\comm.c"
 199  00F8  1F00     E  	clr _CLIPDLIPFlag[0]
 202  00F9              #line 202 "c:\users\h469388\desktop\todo\projects\1_ngb\1_firmware\ngb_low_power_consumption_v3\source\comm.c"
 202  00F9  0700     E  	mov a,rb
 202  00FA  0E05        	and a,5
 202  00FB  0080     R  	mov _CommProtocol_2[0],a
 202  00FC  0700     R  	mov a,_CommProtocol_2[0]
 202  00FD  0A04        	sub a,4
 202  00FE  390A        	snz z
 202  00FF  2800     R  	jmp _L42
 204  0100              #line 204 "c:\users\h469388\desktop\todo\projects\1_ngb\1_firmware\ngb_low_power_consumption_v3\source\comm.c"
 204  0100  3514        	clr [20].2
 206  0101              #line 206 "c:\users\h469388\desktop\todo\projects\1_ngb\1_firmware\ngb_low_power_consumption_v3\source\comm.c"
 206  0101  3714        	clr [20].6
 207  0102              #line 207 "c:\users\h469388\desktop\todo\projects\1_ngb\1_firmware\ngb_low_power_consumption_v3\source\comm.c"
 207  0102  0FC2        	mov a,194
 207  0103  0080     E  	mov _FuncData[8],a
 207  0104  2800     R  	jmp _L43
 207  0105              _L42:
 210  0105              #line 210 "c:\users\h469388\desktop\todo\projects\1_ngb\1_firmware\ngb_low_power_consumption_v3\source\comm.c"
 210  0105  3C00     E  	sz rb.2
 210  0106  2800     R  	jmp _L44
 212  0107              #line 212 "c:\users\h469388\desktop\todo\projects\1_ngb\1_firmware\ngb_low_power_consumption_v3\source\comm.c"
 212  0107  3114        	set [20].2
 214  0108              #line 214 "c:\users\h469388\desktop\todo\projects\1_ngb\1_firmware\ngb_low_power_consumption_v3\source\comm.c"
 214  0108  3314        	set [20].6
 215  0109              #line 215 "c:\users\h469388\desktop\todo\projects\1_ngb\1_firmware\ngb_low_power_consumption_v3\source\comm.c"
 215  0109  0FC1        	mov a,193
 215  010A  0080     E  	mov _FuncData[8],a
 215  010B              _L44:
 219  010B              #line 219 "c:\users\h469388\desktop\todo\projects\1_ngb\1_firmware\ngb_low_power_consumption_v3\source\comm.c"
 219  010B  0700     R  	mov a,_CommProtocol_2[0]
 219  010C  0A05        	sub a,5
 219  010D  390A        	snz z
 219  010E  2800     R  	jmp _L45
 221  010F              #line 221 "c:\users\h469388\desktop\todo\projects\1_ngb\1_firmware\ngb_low_power_consumption_v3\source\comm.c"
 221  010F  3114        	set [20].2
 223  0110              #line 223 "c:\users\h469388\desktop\todo\projects\1_ngb\1_firmware\ngb_low_power_consumption_v3\source\comm.c"
 223  0110  3314        	set [20].6
 224  0111              #line 224 "c:\users\h469388\desktop\todo\projects\1_ngb\1_firmware\ngb_low_power_consumption_v3\source\comm.c"
 224  0111  0FC2        	mov a,194
 224  0112  0080     E  	mov _FuncData[8],a
 227  0113              #line 227 "c:\users\h469388\desktop\todo\projects\1_ngb\1_firmware\ngb_low_power_consumption_v3\source\comm.c"
 227  0113  0700     E  	mov a,_CommData[24]
 227  0114  0A05        	sub a,5
 227  0115  390A        	snz z
 227  0116  2800     R  	jmp _L43
 230  0117              #line 230 "c:\users\h469388\desktop\todo\projects\1_ngb\1_firmware\ngb_low_power_consumption_v3\source\comm.c"
 230  0117  0F01        	mov a,1
"File: comm.c        Assembler  Version HGASM0202      Page 11

 230  0118  0080     E  	mov _FuncData[4],a
 230  0119  2800     R  	jmp _L43
 230  011A              _L45:
 233  011A              #line 233 "c:\users\h469388\desktop\todo\projects\1_ngb\1_firmware\ngb_low_power_consumption_v3\source\comm.c"
 233  011A  1080     R  	sz _CommProtocol_2[0]
 233  011B  2800     R  	jmp _L43
 235  011C              #line 235 "c:\users\h469388\desktop\todo\projects\1_ngb\1_firmware\ngb_low_power_consumption_v3\source\comm.c"
 235  011C  1080     E  	sz _CommData[24]
 235  011D  2800     R  	jmp _L43
 237  011E              #line 237 "c:\users\h469388\desktop\todo\projects\1_ngb\1_firmware\ngb_low_power_consumption_v3\source\comm.c"
 237  011E  0F02        	mov a,2
 237  011F  0080     E  	mov _FuncData[4],a
 237  0120              _L43:
 241  0120              #line 241 "c:\users\h469388\desktop\todo\projects\1_ngb\1_firmware\ngb_low_power_consumption_v3\source\comm.c"
 241  0120  3800     E  	snz rb.1
 241  0121  2800     R  	jmp _L48
 244  0122              #line 244 "c:\users\h469388\desktop\todo\projects\1_ngb\1_firmware\ngb_low_power_consumption_v3\source\comm.c"
 244  0122  0F01        	mov a,1
 244  0123  0580     E  	orm a,_FuncData[7]
 244  0124  0F00        	mov a,0
 244  0125  0580     E  	orm a,_FuncData[6]
 245  0126              #line 245 "c:\users\h469388\desktop\todo\projects\1_ngb\1_firmware\ngb_low_power_consumption_v3\source\comm.c"
 245  0126  1F00     E  	clr _CommData[6]
 245  0127  0FF0        	mov a,-16
 245  0128  0080     E  	mov _CommData[7],a
 245  0129  2800     R  	jmp _L49
 245  012A              _L48:
 250  012A              #line 250 "c:\users\h469388\desktop\todo\projects\1_ngb\1_firmware\ngb_low_power_consumption_v3\source\comm.c"
 250  012A  0FFF        	mov a,255  
 250  012B  0680     E  	andm a,_FuncData[6]  
 250  012C  0FFE        	mov a,254  
 250  012D  0680     E  	andm a,_FuncData[7]
 250  012E              _L49:
 253  012E              #line 253 "c:\users\h469388\desktop\todo\projects\1_ngb\1_firmware\ngb_low_power_consumption_v3\source\comm.c"
 253  012E  0700     E  	mov a,_CommData[12]
 253  012F  0E05        	and a,5
 253  0130  0080     E  	mov _CommData[24],a
 297  0131              #line 297 "c:\users\h469388\desktop\todo\projects\1_ngb\1_firmware\ngb_low_power_consumption_v3\source\comm.c"
 297  0131  2800     R  	jmp _L23
 297  0132              _L26:
 309  0132              #line 309 "c:\users\h469388\desktop\todo\projects\1_ngb\1_firmware\ngb_low_power_consumption_v3\source\comm.c"
 309  0132  0700     E  	mov a,_CommData[5]
 309  0133  0A0E        	sub a,14
 309  0134  3D0A        	sz z
 309  0135  2800     R  	jmp _L51
 309  0136  0A01        	sub a,(15)-(14)
 309  0137  3D0A        	sz z
 309  0138  2800     R  	jmp _L52
 309  0139  0700     E  	mov a,_CommData[5]
 309  013A  0A10        	sub a,16
 309  013B  3D0A        	sz z
 309  013C  2800     R  	jmp _L53
 309  013D  0700     E  	mov a,_CommData[5]
 309  013E  0A11        	sub a,17
 309  013F  390A        	snz z
 309  0140  2800     R  	jmp _L50
 309  0141  2800     R  	jmp _L103
 309  0142              _L51:
 314  0142              #line 314 "c:\users\h469388\desktop\todo\projects\1_ngb\1_firmware\ngb_low_power_consumption_v3\source\comm.c"
 314  0142  0700     E  	mov a,_FuncData[4]
"File: comm.c        Assembler  Version HGASM0202      Page 12

 314  0143  0A02        	sub a,2
 314  0144  390A        	snz z
 314  0145  2800     R  	jmp _L77
 314  0146  2800     R  	jmp _L78
 314  0147              _L52:
 345  0147              #line 345 "c:\users\h469388\desktop\todo\projects\1_ngb\1_firmware\ngb_low_power_consumption_v3\source\comm.c"
 345  0147  0700     E  	mov a,_MemData[5]
 345  0148  0A02        	sub a,2
 345  0149  390A        	snz z
 345  014A  2800     R  	jmp _L77
 348  014B              #line 348 "c:\users\h469388\desktop\todo\projects\1_ngb\1_firmware\ngb_low_power_consumption_v3\source\comm.c"
 348  014B  1700     E  	sdza _MemData[10]
 348  014C  2800     R  	jmp _L77
 348  014D  2800     R  	jmp _L78
 348  014E              _L53:
 363  014E              #line 363 "c:\users\h469388\desktop\todo\projects\1_ngb\1_firmware\ngb_low_power_consumption_v3\source\comm.c"
 363  014E  0700     E  	mov a,_FuncData[4]
 363  014F  0A02        	sub a,2
 363  0150  390A        	snz z
 363  0151  2800     R  	jmp _L57
 367  0152              #line 367 "c:\users\h469388\desktop\todo\projects\1_ngb\1_firmware\ngb_low_power_consumption_v3\source\comm.c"
 367  0152  1F00     E  	clr _PW4ErrorFlag[0]
 366  0153              #line 366 "c:\users\h469388\desktop\todo\projects\1_ngb\1_firmware\ngb_low_power_consumption_v3\source\comm.c"
 366  0153  0FB8        	mov a,-72
 366  0154  0080     E  	mov rb,a
 366  0155  0F0B        	mov a,11
 366  0156  0080     E  	mov rc,a
 366  0157  2800     R  	jmp _L58
 366  0158              _L57:
 369  0158              #line 369 "c:\users\h469388\desktop\todo\projects\1_ngb\1_firmware\ngb_low_power_consumption_v3\source\comm.c"
 369  0158  0700     E  	mov a,_FuncData[6]
 369  0159  0080     E  	mov rb,a
 369  015A  0700     E  	mov a,_FuncData[7]
 369  015B  0080     E  	mov rc,a
 369  015C  3800     E  	snz rb.4
 369  015D  2800     R  	jmp _L59
 373  015E              #line 373 "c:\users\h469388\desktop\todo\projects\1_ngb\1_firmware\ngb_low_power_consumption_v3\source\comm.c"
 373  015E  1F00     E  	clr _PW4ErrorFlag[0]
 372  015F              #line 372 "c:\users\h469388\desktop\todo\projects\1_ngb\1_firmware\ngb_low_power_consumption_v3\source\comm.c"
 372  015F  0F2C        	mov a,44
 372  0160  0080     E  	mov rb,a
 372  0161  0F01        	mov a,1
 372  0162  0080     E  	mov rc,a
 372  0163  2800     R  	jmp _L58
 372  0164              _L59:
 375  0164              #line 375 "c:\users\h469388\desktop\todo\projects\1_ngb\1_firmware\ngb_low_power_consumption_v3\source\comm.c"
 375  0164  0F0C        	mov a,12  
 375  0165  0680     E  	andm a,rb  
 375  0166  0F00        	mov a,0  
 375  0167  0680     E  	andm a,rc
 375  0168  0700     E  	mov a,rb
 375  0169  0500     E  	or a,rc
 375  016A  3D0A        	sz z
 375  016B  2800     R  	jmp _L60
 379  016C              #line 379 "c:\users\h469388\desktop\todo\projects\1_ngb\1_firmware\ngb_low_power_consumption_v3\source\comm.c"
 379  016C  0F01        	mov a,1
 379  016D  0080     E  	mov _PW4ErrorFlag[0],a
 378  016E              #line 378 "c:\users\h469388\desktop\todo\projects\1_ngb\1_firmware\ngb_low_power_consumption_v3\source\comm.c"
 378  016E  0F96        	mov a,-106
 378  016F  0080     E  	mov rb,a
"File: comm.c        Assembler  Version HGASM0202      Page 13

 378  0170  1F00     E  	clr rc
 378  0171  2800     R  	jmp _L58
 378  0172              _L60:
 383  0172              #line 383 "c:\users\h469388\desktop\todo\projects\1_ngb\1_firmware\ngb_low_power_consumption_v3\source\comm.c"
 383  0172  0700     E  	mov a,_FuncData[22]
 383  0173  0080     E  	mov rb,a
 383  0174  0700     E  	mov a,_FuncData[23]
 383  0175  0080     E  	mov rc,a
 384  0176              #line 384 "c:\users\h469388\desktop\todo\projects\1_ngb\1_firmware\ngb_low_power_consumption_v3\source\comm.c"
 384  0176  1F00     E  	clr _PW4ErrorFlag[0]
 384  0177              _L58:
 404  0177              #line 404 "c:\users\h469388\desktop\todo\projects\1_ngb\1_firmware\ngb_low_power_consumption_v3\source\comm.c"
 404  0177  1700     E  	sdza _PW4ErrorFlag[0]
 404  0178  2800     R  	jmp _L61
 406  0179              #line 406 "c:\users\h469388\desktop\todo\projects\1_ngb\1_firmware\ngb_low_power_consumption_v3\source\comm.c"
 406  0179  0F02        	mov a,2
 406  017A  0080     E  	mov _PW4ErrorFlag[0],a
 407  017B              #line 407 "c:\users\h469388\desktop\todo\projects\1_ngb\1_firmware\ngb_low_power_consumption_v3\source\comm.c"
 407  017B  2800     R  	jmp _L50
 407  017C              _L61:
 409  017C              #line 409 "c:\users\h469388\desktop\todo\projects\1_ngb\1_firmware\ngb_low_power_consumption_v3\source\comm.c"
 409  017C  1F00     E  	clr _PW4ErrorFlag[0]
 412  017D              #line 412 "c:\users\h469388\desktop\todo\projects\1_ngb\1_firmware\ngb_low_power_consumption_v3\source\comm.c"
 412  017D  2800     R  	jmp _L50
 412  017E              _L103:
 416  017E              #line 416 "c:\users\h469388\desktop\todo\projects\1_ngb\1_firmware\ngb_low_power_consumption_v3\source\comm.c"
 416  017E  3800     E  	snz _FuncData[7].0
 416  017F  2800     R  	jmp _L79
 419  0180              #line 419 "c:\users\h469388\desktop\todo\projects\1_ngb\1_firmware\ngb_low_power_consumption_v3\source\comm.c"
 419  0180  1F00     E  	clr rb
 419  0181  1F00     E  	clr rc
 419  0182  2800     R  	jmp _L50
 419  0183              _L77:
 322  0183              #line 322 "c:\users\h469388\desktop\todo\projects\1_ngb\1_firmware\ngb_low_power_consumption_v3\source\comm.c"
 322  0183  0F2C        	mov a,44
 322  0184  0080     E  	mov rb,a
 322  0185  0F01        	mov a,1
 322  0186  0080     E  	mov rc,a
 322  0187  2800     R  	jmp _L50
 322  0188              _L78:
 350  0188              #line 350 "c:\users\h469388\desktop\todo\projects\1_ngb\1_firmware\ngb_low_power_consumption_v3\source\comm.c"
 350  0188  0F58        	mov a,88
 350  0189  0080     E  	mov rb,a
 350  018A  0F02        	mov a,2
 350  018B  0080     E  	mov rc,a
 350  018C  2800     R  	jmp _L50
 350  018D              _L79:
 423  018D              #line 423 "c:\users\h469388\desktop\todo\projects\1_ngb\1_firmware\ngb_low_power_consumption_v3\source\comm.c"
 423  018D  0F84        	mov a,-124
 423  018E  0080     E  	mov rb,a
 423  018F  0F03        	mov a,3
 423  0190  0080     E  	mov rc,a
 423  0191              _L50:
 446  0191              #line 446 "c:\users\h469388\desktop\todo\projects\1_ngb\1_firmware\ngb_low_power_consumption_v3\source\comm.c"
 446  0191  0700     E  	mov a,rb
 446  0192  0080     E  	mov rd,a
 446  0193  0700     E  	mov a,rc
 446  0194  0080     E  	mov re,a
 446  0195  340A        	clr c
 446  0196  1B80     E  	rrc re
"File: comm.c        Assembler  Version HGASM0202      Page 14

 446  0197  1B80     E  	rrc rd
 446  0198  340A        	clr c
 446  0199  1B80     E  	rrc re
 446  019A  1B80     E  	rrc rd
 446  019B  0700     E  	mov a,rd
 446  019C  0080     E  	mov _CommData[18],a
 446  019D  0700     E  	mov a,re
 446  019E  0080     E  	mov _CommData[19],a
 448  019F              #line 448 "c:\users\h469388\desktop\todo\projects\1_ngb\1_firmware\ngb_low_power_consumption_v3\source\comm.c"
 448  019F  2800     R  	jmp _L23
 448  01A0              _L101:
 453  01A0              #line 453 "c:\users\h469388\desktop\todo\projects\1_ngb\1_firmware\ngb_low_power_consumption_v3\source\comm.c"
 453  01A0  0700     E  	mov a,_CommData[5]
 453  01A1  0A11        	sub a,17
 453  01A2  3D0A        	sz z
 453  01A3  2800     R  	jmp _L62
 453  01A4  0A08        	sub a,(25)-(17)
 453  01A5  3D0A        	sz z
 453  01A6  2800     R  	jmp _L63
 453  01A7  0700     E  	mov a,_CommData[5]
 453  01A8  0A21        	sub a,33
 453  01A9  3D0A        	sz z
 453  01AA  2800     R  	jmp _L64
 453  01AB  0A08        	sub a,(41)-(33)
 453  01AC  3D0A        	sz z
 453  01AD  2800     R  	jmp _L65
 453  01AE  0700     E  	mov a,_CommData[5]
 453  01AF  0A2A        	sub a,42
 453  01B0  390A        	snz z
 453  01B1  2800     R  	jmp _L23
 560  01B2              #line 560 "c:\users\h469388\desktop\todo\projects\1_ngb\1_firmware\ngb_low_power_consumption_v3\source\comm.c"
 560  01B2  0F09        	mov a,9
 560  01B3  0080     E  	mov _CommData[0],a
 560  01B4  2800     R  	jmp _L99
 560  01B5              _L62:
 456  01B5              #line 456 "c:\users\h469388\desktop\todo\projects\1_ngb\1_firmware\ngb_low_power_consumption_v3\source\comm.c"
 456  01B5  0700     E  	mov a,_CommData[8]
 456  01B6  0E0F        	and a,15
 456  01B7  0080     E  	mov _CommData[12],a
 457  01B8              #line 457 "c:\users\h469388\desktop\todo\projects\1_ngb\1_firmware\ngb_low_power_consumption_v3\source\comm.c"
 457  01B8  2800     R  	jmp _L23
 457  01B9              _L63:
 461  01B9              #line 461 "c:\users\h469388\desktop\todo\projects\1_ngb\1_firmware\ngb_low_power_consumption_v3\source\comm.c"
 461  01B9  0700     E  	mov a,_CommData[8]
 461  01BA  0080     E  	mov ra,a
 464  01BB              #line 464 "c:\users\h469388\desktop\todo\projects\1_ngb\1_firmware\ngb_low_power_consumption_v3\source\comm.c"
 464  01BB  0700     E  	mov a,_CommData[12]
 464  01BC  0A00        	sub a,0
 464  01BD  3D0A        	sz z
 464  01BE  2800     R  	jmp _L67
 464  01BF  0A01        	sub a,(1)-(0)
 464  01C0  3D0A        	sz z
 464  01C1  2800     R  	jmp _L68
 464  01C2  0700     E  	mov a,_CommData[12]
 464  01C3  0A08        	sub a,8
 464  01C4  3D0A        	sz z
 464  01C5  2800     R  	jmp _L69
 464  01C6  0700     E  	mov a,_CommData[12]
 464  01C7  0A09        	sub a,9
 464  01C8  390A        	snz z
"File: comm.c        Assembler  Version HGASM0202      Page 15

 464  01C9  2800     R  	jmp _L23
 464  01CA  2800     R  	jmp _L69
 464  01CB              _L67:
 468  01CB              #line 468 "c:\users\h469388\desktop\todo\projects\1_ngb\1_firmware\ngb_low_power_consumption_v3\source\comm.c"
 468  01CB  0700     E  	mov a,ra
 468  01CC  0080     E  	mov _CommData[13],a
 469  01CD              #line 469 "c:\users\h469388\desktop\todo\projects\1_ngb\1_firmware\ngb_low_power_consumption_v3\source\comm.c"
 469  01CD  0700     E  	mov a,ra
 469  01CE  2000     R  	call _GetReg
 469  01CF  0080     E  	mov ra,a
 469  01D0  2800     R  	jmp _L100
 469  01D1              _L68:
 477  01D1              #line 477 "c:\users\h469388\desktop\todo\projects\1_ngb\1_firmware\ngb_low_power_consumption_v3\source\comm.c"
 477  01D1  0700     E  	mov a,ra
 477  01D2  0080     E  	mov _CommData[13],a
 478  01D3              #line 478 "c:\users\h469388\desktop\todo\projects\1_ngb\1_firmware\ngb_low_power_consumption_v3\source\comm.c"
 478  01D3  0F00     E  	mov a,low (offset _MemData+4)
 478  01D4  0300     E  	add a,ra
 478  01D5  0083        	mov mp,a
 478  01D6  0F00     E  	mov a,high (offset _MemData+4)
 478  01D7  1F04        	clr sbp
 478  01D8  1384        	adcm a,sbp
 478  01D9  2000     E  	call _Crom2Prom
 478  01DA  0080     E  	mov ra,a
 478  01DB              _L100:
 478  01DB  0700     E  	mov a,ra
 478  01DC  0080     E  	mov _CommData[14],a
 480  01DD              #line 480 "c:\users\h469388\desktop\todo\projects\1_ngb\1_firmware\ngb_low_power_consumption_v3\source\comm.c"
 480  01DD  0700     E  	mov a,ra
 480  01DE  0080     E  	mov _CommData[7],a
 480  01DF  1F00     E  	clr _CommData[6]
 482  01E0              #line 482 "c:\users\h469388\desktop\todo\projects\1_ngb\1_firmware\ngb_low_power_consumption_v3\source\comm.c"
 482  01E0  2800     R  	jmp _L23
 482  01E1              _L69:
 485  01E1              #line 485 "c:\users\h469388\desktop\todo\projects\1_ngb\1_firmware\ngb_low_power_consumption_v3\source\comm.c"
 485  01E1  0700     E  	mov a,ra
 485  01E2  0080     E  	mov _CommData[13],a
 486  01E3              #line 486 "c:\users\h469388\desktop\todo\projects\1_ngb\1_firmware\ngb_low_power_consumption_v3\source\comm.c"
 486  01E3  2800     R  	jmp _L23
 486  01E4              _L64:
 494  01E4              #line 494 "c:\users\h469388\desktop\todo\projects\1_ngb\1_firmware\ngb_low_power_consumption_v3\source\comm.c"
 494  01E4  0700     E  	mov a,_CommData[8]
 494  01E5  0080     E  	mov ra,a
 495  01E6              #line 495 "c:\users\h469388\desktop\todo\projects\1_ngb\1_firmware\ngb_low_power_consumption_v3\source\comm.c"
 495  01E6  0700     E  	mov a,_CommData[12]
 495  01E7  0080     R  	mov _CommProtocol_2[0],a
 495  01E8  0700     R  	mov a,_CommProtocol_2[0]
 495  01E9  0A08        	sub a,8
 495  01EA  3D0A        	sz z
 495  01EB  2800     R  	jmp _L71
 495  01EC  0700     R  	mov a,_CommProtocol_2[0]
 495  01ED  0A09        	sub a,9
 495  01EE  390A        	snz z
 495  01EF  2800     R  	jmp _L70
 495  01F0              _L71:
 494  01F0              #line 494 "c:\users\h469388\desktop\todo\projects\1_ngb\1_firmware\ngb_low_power_consumption_v3\source\comm.c"
 494  01F0  0700     E  	mov a,ra
 494  01F1  0080     E  	mov _CommData[14],a
 494  01F2              _L70:
 504  01F2              #line 504 "c:\users\h469388\desktop\todo\projects\1_ngb\1_firmware\ngb_low_power_consumption_v3\source\comm.c"
"File: comm.c        Assembler  Version HGASM0202      Page 16

 504  01F2  0700     E  	mov a,_CommData[10]
 504  01F3  0080     E  	mov rb,a
 504  01F4  0700     E  	mov a,_CommData[11]
 504  01F5  0080     E  	mov rc,a
 505  01F6              #line 505 "c:\users\h469388\desktop\todo\projects\1_ngb\1_firmware\ngb_low_power_consumption_v3\source\comm.c"
 505  01F6  0700     R  	mov a,_CommProtocol_2[0]
 505  01F7  0400     E  	xor a,_CommData[13]
 505  01F8  0080     E  	mov ra,a
 506  01F9              #line 506 "c:\users\h469388\desktop\todo\projects\1_ngb\1_firmware\ngb_low_power_consumption_v3\source\comm.c"
 506  01F9  0F0D        	mov a,13
 506  01FA  0480     E  	xorm a,ra
 507  01FB              #line 507 "c:\users\h469388\desktop\todo\projects\1_ngb\1_firmware\ngb_low_power_consumption_v3\source\comm.c"
 507  01FB  0700     E  	mov a,_CommData[14]
 507  01FC  0480     E  	xorm a,ra
 506  01FD              #line 506 "c:\users\h469388\desktop\todo\projects\1_ngb\1_firmware\ngb_low_power_consumption_v3\source\comm.c"
 506  01FD  0700     E  	mov a,rb
 506  01FE  0E0F        	and a,15
 506  01FF  0080     E  	mov rd,a
 508  0200              #line 508 "c:\users\h469388\desktop\todo\projects\1_ngb\1_firmware\ngb_low_power_consumption_v3\source\comm.c"
 508  0200  0700     E  	mov a,rd
 508  0201  0480     E  	xorm a,ra
 504  0202              #line 504 "c:\users\h469388\desktop\todo\projects\1_ngb\1_firmware\ngb_low_power_consumption_v3\source\comm.c"
 504  0202  0F04        	mov a,4
 504  0203              _LI4:
 504  0203  340A        	clr c
 504  0204  1B80     E  	rrc rc
 504  0205  1B80     E  	rrc rb
 504  0206  1785        	sdz acc
 504  0207  2800     R  	jmp _LI4
 504  0208  0F0F        	mov a,15
 504  0209  0680     E  	andm a,rb
 509  020A              #line 509 "c:\users\h469388\desktop\todo\projects\1_ngb\1_firmware\ngb_low_power_consumption_v3\source\comm.c"
 509  020A  0700     E  	mov a,ra
 509  020B  0480     E  	xorm a,rb
 509  020C  0700     E  	mov a,rb
 509  020D  0080     E  	mov _CommData[16],a
 511  020E              #line 511 "c:\users\h469388\desktop\todo\projects\1_ngb\1_firmware\ngb_low_power_consumption_v3\source\comm.c"
 511  020E  0F07        	mov a,7
 511  020F  0200     R  	sub a,_CommProtocol_2[0]
 511  0210  380A        	snz c
 511  0211  2800     R  	jmp _L74
 514  0212              #line 514 "c:\users\h469388\desktop\todo\projects\1_ngb\1_firmware\ngb_low_power_consumption_v3\source\comm.c"
 514  0212  0700     E  	mov a,rb
 514  0213  0080     E  	mov _CommData[7],a
 514  0214  1F00     E  	clr _CommData[6]
 514  0215  2800     R  	jmp _L23
 514  0216              _L65:
 525  0216              #line 525 "c:\users\h469388\desktop\todo\projects\1_ngb\1_firmware\ngb_low_power_consumption_v3\source\comm.c"
 525  0216  0700     E  	mov a,_CommData[8]
 525  0217  0080     E  	mov ra,a
 527  0218              #line 527 "c:\users\h469388\desktop\todo\projects\1_ngb\1_firmware\ngb_low_power_consumption_v3\source\comm.c"
 527  0218  0700     E  	mov a,_CommData[12]
 527  0219  0080     R  	mov _CommProtocol_2[0],a
 527  021A  0F07        	mov a,7
 527  021B  0200     R  	sub a,_CommProtocol_2[0]
 527  021C  380A        	snz c
 527  021D  2800     R  	jmp _L73
 527  021E              _L74:
 529  021E              #line 529 "c:\users\h469388\desktop\todo\projects\1_ngb\1_firmware\ngb_low_power_consumption_v3\source\comm.c"
 529  021E  1F00     E  	clr _CommData[6]
"File: comm.c        Assembler  Version HGASM0202      Page 17

 529  021F  1F00     E  	clr _CommData[7]
 529  0220  2800     R  	jmp _L23
 529  0221              _L73:
 534  0221              #line 534 "c:\users\h469388\desktop\todo\projects\1_ngb\1_firmware\ngb_low_power_consumption_v3\source\comm.c"
 534  0221  0700     E  	mov a,_CommData[16]
 534  0222  0200     E  	sub a,ra
 534  0223  390A        	snz z
 534  0224  2800     R  	jmp _L74
 536  0225              #line 536 "c:\users\h469388\desktop\todo\projects\1_ngb\1_firmware\ngb_low_power_consumption_v3\source\comm.c"
 536  0225  1F00     E  	clr _CommData[6]
 536  0226  0F80        	mov a,-128
 536  0227  0080     E  	mov _CommData[7],a
 538  0228              #line 538 "c:\users\h469388\desktop\todo\projects\1_ngb\1_firmware\ngb_low_power_consumption_v3\source\comm.c"
 538  0228  0700     R  	mov a,_CommProtocol_2[0]
 538  0229  0A08        	sub a,8
 538  022A  3D0A        	sz z
 538  022B  2800     R  	jmp _L75
 538  022C  0700     R  	mov a,_CommProtocol_2[0]
 538  022D  0A09        	sub a,9
 538  022E  390A        	snz z
 538  022F  2800     R  	jmp _L23
 546  0230              #line 546 "c:\users\h469388\desktop\todo\projects\1_ngb\1_firmware\ngb_low_power_consumption_v3\source\comm.c"
 546  0230  0700     E  	mov a,_CommData[14]
 546  0231  0080     E  	mov _PutDataToWriteEEBuff_2[0],a
 546  0232  0700     E  	mov a,_CommData[13]
 546  0233  2000     E  	call _PutDataToWriteEEBuff
 547  0234              #line 547 "c:\users\h469388\desktop\todo\projects\1_ngb\1_firmware\ngb_low_power_consumption_v3\source\comm.c"
 547  0234  2800     R  	jmp _L23
 547  0235              _L75:
 542  0235              #line 542 "c:\users\h469388\desktop\todo\projects\1_ngb\1_firmware\ngb_low_power_consumption_v3\source\comm.c"
 542  0235  0700     E  	mov a,_CommData[14]
 542  0236  0080     R  	mov _SetReg_2[0],a
 542  0237  0700     E  	mov a,_CommData[13]
 542  0238  2000     R  	call _SetReg
 543  0239              #line 543 "c:\users\h469388\desktop\todo\projects\1_ngb\1_firmware\ngb_low_power_consumption_v3\source\comm.c"
 543  0239  2800     R  	jmp _L23
 543  023A              _L99:
 561  023A              #line 561 "c:\users\h469388\desktop\todo\projects\1_ngb\1_firmware\ngb_low_power_consumption_v3\source\comm.c"
 561  023A  1F00     E  	clr _CLIPDLIPFlag[0]
 561  023B              _L23:
 561  023B  0003        	ret
 561  023C              _CommProtocol endp
 561  023C              #line 561 "c:\users\h469388\desktop\todo\projects\1_ngb\1_firmware\ngb_low_power_consumption_v3\source\comm.c"
 561  023C              #pragma debug scope 1 1
 561  023C              public _RefreshData
 561  023C              #pragma debug scope 5 1
 879  023C              #line 879 "c:\users\h469388\desktop\todo\projects\1_ngb\1_firmware\ngb_low_power_consumption_v3\source\comm.c"
 879  0000              _RefreshData .section 'code'
 879  0000              _RefreshData proc
 883  0000              #line 883 "c:\users\h469388\desktop\todo\projects\1_ngb\1_firmware\ngb_low_power_consumption_v3\source\comm.c"
 883  0000  1700     E  	sdza _MemData[9]
 883  0001  2800     R  	jmp _L105
 883  0002              #line 883 "c:\users\h469388\desktop\todo\projects\1_ngb\1_firmware\ngb_low_power_consumption_v3\source\comm.c"
 883  0002  0F14        	mov a,20
 883  0003  0080     E  	mov _SysData[2],a
 883  0004  2800     R  	jmp _L106
 883  0005              _L105:
 884  0005              #line 884 "c:\users\h469388\desktop\todo\projects\1_ngb\1_firmware\ngb_low_power_consumption_v3\source\comm.c"
 884  0005  0F15        	mov a,21
 884  0006  0080     E  	mov _SysData[2],a
"File: comm.c        Assembler  Version HGASM0202      Page 18

 884  0007              _L106:
 886  0007              #line 886 "c:\users\h469388\desktop\todo\projects\1_ngb\1_firmware\ngb_low_power_consumption_v3\source\comm.c"
 886  0007  0F96        	mov a,-106
 886  0008  0080     E  	mov _FuncData[20],a
 886  0009  1F00     E  	clr _FuncData[21]
 887  000A              #line 887 "c:\users\h469388\desktop\todo\projects\1_ngb\1_firmware\ngb_low_power_consumption_v3\source\comm.c"
 887  000A  0700     E  	mov a,_MemData[5]
 887  000B  0A02        	sub a,2
 887  000C  390A        	snz z
 887  000D  2800     R  	jmp _L107
 890  000E              #line 890 "c:\users\h469388\desktop\todo\projects\1_ngb\1_firmware\ngb_low_power_consumption_v3\source\comm.c"
 890  000E  1700     E  	sdza _MemData[10]
 890  000F  2800     R  	jmp _L108
 892  0010              #line 892 "c:\users\h469388\desktop\todo\projects\1_ngb\1_firmware\ngb_low_power_consumption_v3\source\comm.c"
 892  0010  0F58        	mov a,88
 892  0011  0080     E  	mov _FuncData[20],a
 892  0012  0F02        	mov a,2
 892  0013  0080     E  	mov _FuncData[21],a
 892  0014  2800     R  	jmp _L107
 892  0015              _L108:
 894  0015              #line 894 "c:\users\h469388\desktop\todo\projects\1_ngb\1_firmware\ngb_low_power_consumption_v3\source\comm.c"
 894  0015  0F2C        	mov a,44
 894  0016  0080     E  	mov _FuncData[20],a
 894  0017  0F01        	mov a,1
 894  0018  0080     E  	mov _FuncData[21],a
 894  0019              _L107:
 906  0019              #line 906 "c:\users\h469388\desktop\todo\projects\1_ngb\1_firmware\ngb_low_power_consumption_v3\source\comm.c"
 906  0019  0700     E  	mov a,_MemData[4]
 906  001A  0080     E  	mov ra,a
 907  001B              #line 907 "c:\users\h469388\desktop\todo\projects\1_ngb\1_firmware\ngb_low_power_consumption_v3\source\comm.c"
 907  001B  0FC7        	mov a,199
 907  001C  0200     E  	sub a,ra
 907  001D  380A        	snz c
 907  001E  2800     R  	jmp _L109
 906  001F              #line 906 "c:\users\h469388\desktop\todo\projects\1_ngb\1_firmware\ngb_low_power_consumption_v3\source\comm.c"
 906  001F  0700     E  	mov a,ra
 906  0020  0080     E  	mov _SysData[3],a
 906  0021  2800     R  	jmp _L110
 906  0022              _L109:
 908  0022              #line 908 "c:\users\h469388\desktop\todo\projects\1_ngb\1_firmware\ngb_low_power_consumption_v3\source\comm.c"
 908  0022  0FC7        	mov a,199
 908  0023  0080     E  	mov _SysData[3],a
 908  0024              _L110:
 920  0024              #line 920 "c:\users\h469388\desktop\todo\projects\1_ngb\1_firmware\ngb_low_power_consumption_v3\source\comm.c"
 920  0024  0700     E  	mov a,_SysData[3]
 920  0025  0080     E  	mov ra,a
 920  0026  0700     E  	mov a,ra
 920  0027  0080     E  	mov _CommData[4],a
 924  0028              #line 924 "c:\users\h469388\desktop\todo\projects\1_ngb\1_firmware\ngb_low_power_consumption_v3\source\comm.c"
 924  0028  1F00     E  	clr _builtin_holtek_udivmodqi4_2[3]
 924  0029  0700     E  	mov a,ra
 924  002A  0080     E  	mov _builtin_holtek_udivmodqi4_2[0],a
 924  002B  0F0A        	mov a,10
 924  002C  0080     E  	mov _builtin_holtek_udivmodqi4_2[1],a
 924  002D  2000     E  	call _builtin_holtek_udivmodqi4
 924  002E  0700     E  	mov a,_builtin_holtek_udivmodqi4_2[2]
 924  002F  0080     E  	mov rb,a
 923  0030              #line 923 "c:\users\h469388\desktop\todo\projects\1_ngb\1_firmware\ngb_low_power_consumption_v3\source\comm.c"
 923  0030  0F00     R  	mov a,low offset _CLIPAddrEncode
 923  0031  0300     E  	add a,rb
"File: comm.c        Assembler  Version HGASM0202      Page 19

 923  0032  0083        	mov mp,a
 923  0033  0F00     R  	mov a,high offset _CLIPAddrEncode
 923  0034  1F04        	clr sbp
 923  0035  1384        	adcm a,sbp
 923  0036  2000     E  	call _Crom2Prom
 923  0037  0080     E  	mov rd,a
 922  0038              #line 922 "c:\users\h469388\desktop\todo\projects\1_ngb\1_firmware\ngb_low_power_consumption_v3\source\comm.c"
 922  0038  1F00     E  	clr _builtin_holtek_udivmodqi4_2[3]
 922  0039  0700     E  	mov a,ra
 922  003A  0080     E  	mov _builtin_holtek_udivmodqi4_2[0],a
 922  003B  0F64        	mov a,100
 922  003C  0080     E  	mov _builtin_holtek_udivmodqi4_2[1],a
 922  003D  2000     E  	call _builtin_holtek_udivmodqi4
 922  003E  0700     E  	mov a,_builtin_holtek_udivmodqi4_2[0]
 922  003F  0080     E  	mov rc,a
 922  0040  1F00     E  	clr rb
 922  0041  0700     E  	mov a,rd
 922  0042  0380     E  	addm a,rb
 922  0043  3C0A        	sz c
 922  0044  1480     E  	inc rc
 923  0045              #line 923 "c:\users\h469388\desktop\todo\projects\1_ngb\1_firmware\ngb_low_power_consumption_v3\source\comm.c"
 923  0045  1F00     E  	clr _builtin_holtek_udivmodqi4_2[3]
 923  0046  0700     E  	mov a,ra
 923  0047  0080     E  	mov _builtin_holtek_udivmodqi4_2[0],a
 923  0048  0F64        	mov a,100
 923  0049  0080     E  	mov _builtin_holtek_udivmodqi4_2[1],a
 923  004A  2000     E  	call _builtin_holtek_udivmodqi4
 923  004B  0700     E  	mov a,_builtin_holtek_udivmodqi4_2[2]
 923  004C  0080     E  	mov ra,a
 923  004D  1F00     E  	clr _builtin_holtek_udivmodqi4_2[3]
 923  004E  0700     E  	mov a,ra
 923  004F  0080     E  	mov _builtin_holtek_udivmodqi4_2[0],a
 923  0050  0F0A        	mov a,10
 923  0051  0080     E  	mov _builtin_holtek_udivmodqi4_2[1],a
 923  0052  2000     E  	call _builtin_holtek_udivmodqi4
 923  0053  0700     E  	mov a,_builtin_holtek_udivmodqi4_2[0]
 923  0054  0080     E  	mov ra,a
 923  0055  0F00     R  	mov a,low offset _CLIPAddrEncode
 923  0056  0300     E  	add a,ra
 923  0057  0083        	mov mp,a
 923  0058  0F00     R  	mov a,high offset _CLIPAddrEncode
 923  0059  1F04        	clr sbp
 923  005A  1384        	adcm a,sbp
 923  005B  2000     E  	call _Crom2Prom
 923  005C  0080     E  	mov rd,a
 923  005D  1F00     E  	clr re
 923  005E  0F04        	mov a,4
 923  005F              _LI5:
 923  005F  340A        	clr c
 923  0060  1A80     E  	rlc rd
 923  0061  1A80     E  	rlc re
 923  0062  1785        	sdz acc
 923  0063  2800     R  	jmp _LI5
 923  0064  0700     E  	mov a,rd
 923  0065  0300     E  	add a,rb
 923  0066  0080     E  	mov _CommData[2],a
 923  0067  0700     E  	mov a,re
 923  0068  1300     E  	adc a,rc
 923  0069  0080     E  	mov _CommData[3],a
 925  006A              #line 925 "c:\users\h469388\desktop\todo\projects\1_ngb\1_firmware\ngb_low_power_consumption_v3\source\comm.c"
"File: comm.c        Assembler  Version HGASM0202      Page 20

 925  006A  0F07        	mov a,7
 925  006B  0080     E  	mov _MemData[18],a
 925  006C  0003        	ret
 925  006D              _RefreshData endp
 925  006D              #line 925 "c:\users\h469388\desktop\todo\projects\1_ngb\1_firmware\ngb_low_power_consumption_v3\source\comm.c"
 925  006D              #pragma debug scope 1 1
 925  006D              public _CLIPAddrDecode
 925  0000              @crom	.section 'crom'
 672  0000              #line 672 "c:\users\h469388\desktop\todo\projects\1_ngb\1_firmware\ngb_low_power_consumption_v3\source\comm.c"
 672  0000              @crom	.section	'crom'
 672  0000              _CLIPAddrDecode:
 672  0000              #pragma debug array 42 8 10 1
 672  0000              #pragma debug array 42 8 10 1
 672  0000              #pragma debug variable 42 1 _CLIPAddrDecode "CLIPAddrDecode"
 672  0000              	db 0
 672  0001              	db 5
 672  0001              	db 7
 672  0002              	db 8
 672  0002              	db 1
 672  0003              	db 6
 672  0003              	db 2
 672  0004              	db 3
 672  0004              	db 4
 672  0005              	db 9
 672  0005              public _CLIPAddrEncode
 668  0005              #line 668 "c:\users\h469388\desktop\todo\projects\1_ngb\1_firmware\ngb_low_power_consumption_v3\source\comm.c"
 668  0005              @crom	.section	'crom'
 668  0005              _CLIPAddrEncode:
 668  0005              #pragma debug variable 42 1 _CLIPAddrEncode "CLIPAddrEncode"
 668  0005              	db 0
 668  0006              	db 4
 668  0006              	db 6
 668  0007              	db 7
 668  0007              	db 8
 668  0008              	db 1
 668  0008              	db 5
 668  0009              	db 2
 668  0009              	db 3
 668  000A              	db 9
 668  000A              public _CLIPWriteFlag
 668  0000              @HCCINIT	.section 'data'
  22  0000              #line 22 "c:\users\h469388\desktop\todo\projects\1_ngb\1_firmware\ngb_low_power_consumption_v3\source\comm.c"
  22  0000              @HCCINIT_CLIPWriteFlag .section 'data'
  22  0000              _CLIPWriteFlag label byte
  22  0000              #pragma debug variable 8 1 _CLIPWriteFlag "CLIPWriteFlag"
  22  0000              	db 0
  22  0000              @ROMDATA_BASE .section inpage 'code'
  22  0000              	db 0
  22  0001              @HCCINIT_CLIPWriteFlag .section 'data'
  22  0001              #pragma debug struct_end
  22  0001              #pragma debug struct_end
  22  0001              #pragma debug union_end
  22  0001              #pragma debug union_end
  22  0001              #pragma debug variable 44 1 ___pa "__pa" 1
  22  0001              
  22  0001              ; output external variables
  22  0001              extern _SysData:byte
  22  0001              extern _PW4ErrorFlag:byte
  22  0001              extern _MemData:byte
  22  0001              extern _CLIPDLIPFlag:byte
"File: comm.c        Assembler  Version HGASM0202      Page 21

  22  0001              extern _CommData:byte
  22  0001              extern _FuncData:byte
  22  0001              extern _PutDataToWriteEEBuff_2:byte
  22  0001              extern _PutDataToWriteEEBuff:near
  22  0001              extern _builtin_holtek_udivmodqi4_2:byte
  22  0001              extern _builtin_holtek_udivmodqi4:near
  22  0001              
  22  0001              ; 
  22  0001              ; Generated by holtek-gcc v3.19, Mon Oct 10 15:45:30 2022
  22  0001              ; Rebuild 718
  22  0001              ; end of file


        0 Errors, 0